<?xml version="1.0" encoding="UTF-8"?>
<testsuite name="lesson3" tests="2" skipped="0" failures="0" errors="0" timestamp="2020-11-23T16:07:58" hostname="ALEKSEY" time="13.529">
  <properties/>
  <testcase name="test2()" classname="lesson3" time="9.526"/>
  <testcase name="test3()" classname="lesson3" time="4.003"/>
  <system-out><![CDATA[]]></system-out>
  <system-err><![CDATA[SLF4J: Failed to load class "org.slf4j.impl.StaticLoggerBinder".
SLF4J: Defaulting to no-operation (NOP) logger implementation
SLF4J: See http://www.slf4j.org/codes.html#StaticLoggerBinder for further details.
Starting ChromeDriver 86.0.4240.22 (398b0743353ff36fb1b82468f63a3a93b4e2e89e-refs/branch-heads/4240@{#378}) on port 12416
Only local connections are allowed.
Please see https://chromedriver.chromium.org/security-considerations for suggestions on keeping ChromeDriver safe.
ChromeDriver was started successfully.
Nov 23, 2020 11:08:02 PM org.openqa.selenium.remote.ProtocolHandshake createSession
INFO: Detected dialect: W3C
]]></system-err>
</testsuite>
